2025-03-21T22:03:15.781+05:30  INFO 4048 --- [OnlineBookStore] [http-nio-8081-exec-8] c.o.books.controller.BookController      : Request to retrieve all books
2025-03-21T22:03:15.786+05:30  INFO 4048 --- [OnlineBookStore] [http-nio-8081-exec-8] c.o.books.util.MetricsConfig             : Starting operation: getAllBooks
2025-03-21T22:03:15.786+05:30  INFO 4048 --- [OnlineBookStore] [http-nio-8081-exec-8] c.o.books.service.BookService            : Retrieving all books
2025-03-21T22:03:15.799+05:30  INFO 4048 --- [OnlineBookStore] [http-nio-8081-exec-8] c.o.books.service.BookService            : Fetched 8 books
2025-03-21T22:03:15.799+05:30  INFO 4048 --- [OnlineBookStore] [http-nio-8081-exec-8] c.o.books.util.MetricsConfig             : Operation 'getAllBooks' completed in 13 ms
2025-03-21T22:03:15.800+05:30  INFO 4048 --- [OnlineBookStore] [http-nio-8081-exec-8] c.o.books.util.MetricsConfig             : ***********************************************************

2025-03-21T22:05:14.387+05:30  INFO 13668 --- [OnlineBookStore] [main] c.o.books.OnlineBookStoreApplication     : Starting OnlineBookStoreApplication using Java 23.0.2 with PID 13668 (C:\Users\91938\eclipse-workspace\OnlineBookStore2\target\classes started by 91938 in C:\Users\91938\eclipse-workspace\OnlineBookStore2)
2025-03-21T22:05:14.389+05:30 DEBUG 13668 --- [OnlineBookStore] [main] c.o.books.OnlineBookStoreApplication     : Running with Spring Boot v3.4.3, Spring v6.2.3
2025-03-21T22:05:14.390+05:30  INFO 13668 --- [OnlineBookStore] [main] c.o.books.OnlineBookStoreApplication     : No active profile set, falling back to 1 default profile: "default"
2025-03-21T22:05:15.375+05:30  INFO 13668 --- [OnlineBookStore] [main] .s.d.r.c.RepositoryConfigurationDelegate : Bootstrapping Spring Data JPA repositories in DEFAULT mode.
2025-03-21T22:05:15.479+05:30  INFO 13668 --- [OnlineBookStore] [main] .s.d.r.c.RepositoryConfigurationDelegate : Finished Spring Data repository scanning in 88 ms. Found 1 JPA repository interface.
2025-03-21T22:05:16.287+05:30  INFO 13668 --- [OnlineBookStore] [main] o.s.b.w.embedded.tomcat.TomcatWebServer  : Tomcat initialized with port 8081 (http)
2025-03-21T22:05:16.308+05:30  INFO 13668 --- [OnlineBookStore] [main] o.apache.catalina.core.StandardService   : Starting service [Tomcat]
2025-03-21T22:05:16.309+05:30  INFO 13668 --- [OnlineBookStore] [main] o.apache.catalina.core.StandardEngine    : Starting Servlet engine: [Apache Tomcat/10.1.36]
2025-03-21T22:05:16.392+05:30  INFO 13668 --- [OnlineBookStore] [main] o.a.c.c.C.[Tomcat].[localhost].[/]       : Initializing Spring embedded WebApplicationContext
2025-03-21T22:05:16.393+05:30  INFO 13668 --- [OnlineBookStore] [main] w.s.c.ServletWebServerApplicationContext : Root WebApplicationContext: initialization completed in 1918 ms
2025-03-21T22:05:16.622+05:30  INFO 13668 --- [OnlineBookStore] [main] o.hibernate.jpa.internal.util.LogHelper  : HHH000204: Processing PersistenceUnitInfo [name: default]
2025-03-21T22:05:16.723+05:30  INFO 13668 --- [OnlineBookStore] [main] org.hibernate.Version                    : HHH000412: Hibernate ORM core version 6.6.8.Final
2025-03-21T22:05:16.788+05:30  INFO 13668 --- [OnlineBookStore] [main] o.h.c.internal.RegionFactoryInitiator    : HHH000026: Second-level cache disabled
2025-03-21T22:05:17.213+05:30  INFO 13668 --- [OnlineBookStore] [main] o.s.o.j.p.SpringPersistenceUnitInfo      : No LoadTimeWeaver setup: ignoring JPA class transformer
2025-03-21T22:05:17.259+05:30  INFO 13668 --- [OnlineBookStore] [main] com.zaxxer.hikari.HikariDataSource       : HikariPool-1 - Starting...
2025-03-21T22:05:17.775+05:30  INFO 13668 --- [OnlineBookStore] [main] com.zaxxer.hikari.pool.HikariPool        : HikariPool-1 - Added connection com.mysql.cj.jdbc.ConnectionImpl@1e477944
2025-03-21T22:05:17.778+05:30  INFO 13668 --- [OnlineBookStore] [main] com.zaxxer.hikari.HikariDataSource       : HikariPool-1 - Start completed.
2025-03-21T22:05:17.901+05:30  INFO 13668 --- [OnlineBookStore] [main] org.hibernate.orm.connections.pooling    : HHH10001005: Database info:
	Database JDBC URL [Connecting through datasource 'HikariDataSource (HikariPool-1)']
	Database driver: undefined/unknown
	Database version: 8.0.36
	Autocommit mode: undefined/unknown
	Isolation level: undefined/unknown
	Minimum pool size: undefined/unknown
	Maximum pool size: undefined/unknown
2025-03-21T22:05:18.918+05:30  INFO 13668 --- [OnlineBookStore] [main] o.h.e.t.j.p.i.JtaPlatformInitiator       : HHH000489: No JTA platform available (set 'hibernate.transaction.jta.platform' to enable JTA platform integration)
2025-03-21T22:05:18.984+05:30  INFO 13668 --- [OnlineBookStore] [main] j.LocalContainerEntityManagerFactoryBean : Initialized JPA EntityManagerFactory for persistence unit 'default'
2025-03-21T22:05:19.448+05:30  WARN 13668 --- [OnlineBookStore] [main] JpaBaseConfiguration$JpaWebConfiguration : spring.jpa.open-in-view is enabled by default. Therefore, database queries may be performed during view rendering. Explicitly configure spring.jpa.open-in-view to disable this warning
