2025-03-21T21:59:56.020+05:30  INFO 4048 --- [OnlineBookStore] [main] c.o.books.OnlineBookStoreApplication     : Starting OnlineBookStoreApplication using Java 23.0.2 with PID 4048 (C:\Users\91938\eclipse-workspace\OnlineBookStore2\target\classes started by 91938 in C:\Users\91938\eclipse-workspace\OnlineBookStore2)
2025-03-21T21:59:56.030+05:30 DEBUG 4048 --- [OnlineBookStore] [main] c.o.books.OnlineBookStoreApplication     : Running with Spring Boot v3.4.3, Spring v6.2.3
2025-03-21T21:59:56.031+05:30  INFO 4048 --- [OnlineBookStore] [main] c.o.books.OnlineBookStoreApplication     : No active profile set, falling back to 1 default profile: "default"
2025-03-21T21:59:56.942+05:30  INFO 4048 --- [OnlineBookStore] [main] .s.d.r.c.RepositoryConfigurationDelegate : Bootstrapping Spring Data JPA repositories in DEFAULT mode.
2025-03-21T21:59:57.039+05:30  INFO 4048 --- [OnlineBookStore] [main] .s.d.r.c.RepositoryConfigurationDelegate : Finished Spring Data repository scanning in 83 ms. Found 1 JPA repository interface.
2025-03-21T21:59:57.803+05:30  INFO 4048 --- [OnlineBookStore] [main] o.s.b.w.embedded.tomcat.TomcatWebServer  : Tomcat initialized with port 8081 (http)
2025-03-21T21:59:57.822+05:30  INFO 4048 --- [OnlineBookStore] [main] o.apache.catalina.core.StandardService   : Starting service [Tomcat]
2025-03-21T21:59:57.822+05:30  INFO 4048 --- [OnlineBookStore] [main] o.apache.catalina.core.StandardEngine    : Starting Servlet engine: [Apache Tomcat/10.1.36]
2025-03-21T21:59:57.961+05:30  INFO 4048 --- [OnlineBookStore] [main] o.a.c.c.C.[Tomcat].[localhost].[/]       : Initializing Spring embedded WebApplicationContext
2025-03-21T21:59:57.962+05:30  INFO 4048 --- [OnlineBookStore] [main] w.s.c.ServletWebServerApplicationContext : Root WebApplicationContext: initialization completed in 1838 ms
2025-03-21T21:59:58.229+05:30  INFO 4048 --- [OnlineBookStore] [main] o.hibernate.jpa.internal.util.LogHelper  : HHH000204: Processing PersistenceUnitInfo [name: default]
2025-03-21T21:59:58.320+05:30  INFO 4048 --- [OnlineBookStore] [main] org.hibernate.Version                    : HHH000412: Hibernate ORM core version 6.6.8.Final
2025-03-21T21:59:58.386+05:30  INFO 4048 --- [OnlineBookStore] [main] o.h.c.internal.RegionFactoryInitiator    : HHH000026: Second-level cache disabled
2025-03-21T21:59:58.818+05:30  INFO 4048 --- [OnlineBookStore] [main] o.s.o.j.p.SpringPersistenceUnitInfo      : No LoadTimeWeaver setup: ignoring JPA class transformer
2025-03-21T21:59:58.861+05:30  INFO 4048 --- [OnlineBookStore] [main] com.zaxxer.hikari.HikariDataSource       : HikariPool-1 - Starting...
2025-03-21T21:59:59.401+05:30  INFO 4048 --- [OnlineBookStore] [main] com.zaxxer.hikari.pool.HikariPool        : HikariPool-1 - Added connection com.mysql.cj.jdbc.ConnectionImpl@708769b7
2025-03-21T21:59:59.405+05:30  INFO 4048 --- [OnlineBookStore] [main] com.zaxxer.hikari.HikariDataSource       : HikariPool-1 - Start completed.
2025-03-21T21:59:59.535+05:30  INFO 4048 --- [OnlineBookStore] [main] org.hibernate.orm.connections.pooling    : HHH10001005: Database info:
	Database JDBC URL [Connecting through datasource 'HikariDataSource (HikariPool-1)']
	Database driver: undefined/unknown
	Database version: 8.0.36
	Autocommit mode: undefined/unknown
	Isolation level: undefined/unknown
	Minimum pool size: undefined/unknown
	Maximum pool size: undefined/unknown
2025-03-21T22:00:00.583+05:30  INFO 4048 --- [OnlineBookStore] [main] o.h.e.t.j.p.i.JtaPlatformInitiator       : HHH000489: No JTA platform available (set 'hibernate.transaction.jta.platform' to enable JTA platform integration)
2025-03-21T22:00:00.656+05:30  INFO 4048 --- [OnlineBookStore] [main] j.LocalContainerEntityManagerFactoryBean : Initialized JPA EntityManagerFactory for persistence unit 'default'
2025-03-21T22:00:01.034+05:30  WARN 4048 --- [OnlineBookStore] [main] JpaBaseConfiguration$JpaWebConfiguration : spring.jpa.open-in-view is enabled by default. Therefore, database queries may be performed during view rendering. Explicitly configure spring.jpa.open-in-view to disable this warning
2025-03-21T22:00:01.481+05:30  INFO 4048 --- [OnlineBookStore] [main] o.s.b.w.embedded.tomcat.TomcatWebServer  : Tomcat started on port 8081 (http) with context path '/'
2025-03-21T22:00:01.492+05:30  INFO 4048 --- [OnlineBookStore] [main] c.o.books.OnlineBookStoreApplication     : Started OnlineBookStoreApplication in 6.17 seconds (process running for 6.794)
2025-03-21T22:00:17.393+05:30  INFO 4048 --- [OnlineBookStore] [http-nio-8081-exec-2] o.a.c.c.C.[Tomcat].[localhost].[/]       : Initializing Spring DispatcherServlet 'dispatcherServlet'
2025-03-21T22:00:17.393+05:30  INFO 4048 --- [OnlineBookStore] [http-nio-8081-exec-2] o.s.web.servlet.DispatcherServlet        : Initializing Servlet 'dispatcherServlet'
2025-03-21T22:00:17.395+05:30  INFO 4048 --- [OnlineBookStore] [http-nio-8081-exec-2] o.s.web.servlet.DispatcherServlet        : Completed initialization in 1 ms
2025-03-21T22:00:17.461+05:30  INFO 4048 --- [OnlineBookStore] [http-nio-8081-exec-2] c.o.books.controller.BookController      : Request to retrieve book with ID: 5
